<?xml version="1.0" encoding="UTF-8"?>
<!-- Generated by org.testng.reporters.JUnitReportReporter -->
<testsuite skipped="0" hostname="02corm-p1wwfh00.za.ds.naspers.com" name="com.cucumber.MavenCucumberPrototype.TestNG.SimpleTest" tests="2" failures="0" timestamp="18 Nov 2016 09:23:19 GMT" time="10.635" errors="0">
  <testcase name="aFastTest" time="10.634" classname="com.cucumber.MavenCucumberPrototype.TestNG.SimpleTest"/>
  <testcase name="aSlowTest" time="0.001" classname="com.cucumber.MavenCucumberPrototype.TestNG.SimpleTest"/>
</testsuite> <!-- com.cucumber.MavenCucumberPrototype.TestNG.SimpleTest -->
