<?xml version="1.0" encoding="UTF-8"?>
<!-- Generated by org.testng.reporters.JUnitReportReporter -->
<testsuite name="com.cucumber.MavenCucumberPrototype.TestNG.CreditCardPaymentPargoTest" tests="3" time="86.238" ignored="0" failures="0" timestamp="13 Dec 2016 05:59:37 GMT" skipped="0" hostname="02corm-p1wwfh00.za.ds.naspers.com" errors="0">
  <testcase name="addItemToCart" time="85.858" classname="com.cucumber.MavenCucumberPrototype.TestNG.CreditCardPaymentPargoTest"/>
  <testcase name="testExcecutionStart" time="0.282" classname="com.cucumber.MavenCucumberPrototype.TestNG.CreditCardPaymentPargoTest"/>
  <testcase name="testExcecutionEnd" time="0.098" classname="com.cucumber.MavenCucumberPrototype.TestNG.CreditCardPaymentPargoTest"/>
</testsuite> <!-- com.cucumber.MavenCucumberPrototype.TestNG.CreditCardPaymentPargoTest -->
